                                                          Cloudy 25.00
                                                         www.nublado.org

                                                  PRNG seed: 0xde2412eda4c39c52

                       **************************************25Aug25**************************************
                       *                                                                                 *
                       * title Orion model log nH=3.22 log U=-1.67                                       *
                       * blackbody 39000 K                                                               *
                       * luminosity 49                                                                   *
                       * radius 17.5                                                                     *
                       * hden 3.2222222222222223                                                         *
                       * ionization parameter -1.666666666666667                                         *
                       * abundances GASS no grains                                                       *
                       * sphere                                                                          *
                       * stop temperature 4000 K                                                         *
                       * stop column density 22                                                          *
                       * iterate to convergence                                                          *
                       * set save prefix "model_nH3.22_U-1.67"                                           *
                       * save lines list "/project/galaxies/tjuchau/projects/CLOUDY_scripts/Galaxy_class_project2/inputs/linelist.dat" ".lines"*
DISASTER could not open SAVE LINE LIST file .lines 
 [Stop in ParseSave at parse_save.cpp:1479, something went wrong]
