                                                          Cloudy 25.00
                                                         www.nublado.org

                                                  PRNG seed: 0x05daa602427866b0

                       **************************************25Aug25**************************************
                       *                                                                                 *
                       * title Orion model log nH=4.56 log U=-3.00                                       *
                       * blackbody 39000 K                                                               *
                       * luminosity 49                                                                   *
                       * radius 17.5                                                                     *
                       * hden 4.555555555555555                                                          *
                       * ionization parameter -3.0                                                       *
                       * abundances GASS no grains                                                       *
                       * sphere                                                                          *
                       * stop temperature 4000 K                                                         *
                       * stop column density 22                                                          *
                       * iterate to convergence                                                          *
                       * set save prefix "model_nH4.56_U-3.00"                                           *
                       * save lines list "/project/galaxies/tjuchau/projects/CLOUDY_scripts/Galaxy_class_project2/inputs/linelist.dat" ".lines"*
DISASTER could not open SAVE LINE LIST file .lines 
 [Stop in ParseSave at parse_save.cpp:1479, something went wrong]
