                                                          Cloudy 25.00
                                                         www.nublado.org

                                                  PRNG seed: 0xa2415cc3c5a1e72c

                       **************************************25Aug25**************************************
                       *                                                                                 *
                       * title Orion model log nH=5.00 log U=-3.67                                       *
                       * blackbody 39000 K                                                               *
                       * luminosity 49                                                                   *
                       * radius 17.5                                                                     *
                       * hden 5.0                                                                        *
                       * ionization parameter -3.6666666666666665                                        *
                       * abundances GASS no grains                                                       *
                       * sphere                                                                          *
                       * stop temperature 4000 K                                                         *
                       * stop column density 22                                                          *
                       * iterate to convergence                                                          *
                       * set save prefix "model_nH5.00_U-3.67"                                           *
                       * save lines list "/project/galaxies/tjuchau/projects/CLOUDY_scripts/Galaxy_class_project2/inputs/linelist.dat" ".lines"*
DISASTER could not open SAVE LINE LIST file .lines 
 [Stop in ParseSave at parse_save.cpp:1479, something went wrong]
