                                                          Cloudy 25.00
                                                         www.nublado.org

                                                  PRNG seed: 0xf5d42b9f9f63db48

                       **************************************25Aug25**************************************
                       *                                                                                 *
                       * title Orion model log nH=3.22 log U=-3.33                                       *
                       * blackbody 39000 K                                                               *
                       * luminosity 49                                                                   *
                       * radius 17.5                                                                     *
                       * hden 3.2222222222222223                                                         *
                       * ionization parameter -3.3333333333333335                                        *
                       * abundances GASS no grains                                                       *
                       * sphere                                                                          *
                       * stop temperature 4000 K                                                         *
                       * stop column density 22                                                          *
                       * iterate to convergence                                                          *
                       * set save prefix "model_nH3.22_U-3.33"                                           *
                       * save lines list "/project/galaxies/tjuchau/projects/CLOUDY_scripts/Galaxy_class_project2/inputs/linelist.dat" ".lines"*
DISASTER could not open SAVE LINE LIST file .lines 
 [Stop in ParseSave at parse_save.cpp:1479, something went wrong]
